<?xml version='1.0'?>
<ns2:test-suite xmlns:ns2='urn:model.allure.qatools.yandex.ru' start='1729262963130' stop='1729263084412'>
    <name>ITC College Admin Dashboard - Class Page Test Cases</name>
    <title>ITC College Admin Dashboard - Class Page Test Cases</title>
    <test-cases>
        <test-case start='1729262963131' status='passed' stop='1729263010925'>
            <name>Validate Class Creation Functionality</name>
            <title>Validate Class Creation Functionality</title>
            <labels/>
            <parameters/>
            <steps/>
            <attachments/>
        </test-case>
        <test-case start='1729263010943' status='passed' stop='1729263025254'>
            <name>Validate Class Deletion Functionality</name>
            <title>Validate Class Deletion Functionality</title>
            <labels/>
            <parameters/>
            <steps/>
            <attachments/>
        </test-case>
        <test-case start='1729263025267' status='passed' stop='1729263044837'>
            <name>Validate Class Modification Functionality</name>
            <title>Validate Class Modification Functionality</title>
            <labels/>
            <parameters/>
            <steps/>
            <attachments/>
        </test-case>
        <test-case start='1729263044869' status='failed' stop='1729263084383'>
            <name>Validate Numeric Input for "Pass Mark" Field</name>
            <title>Validate Numeric Input for "Pass Mark" Field</title>
            <labels/>
            <parameters/>
            <steps/>
            <attachments/>
            <failure>
                <message>Timed out retrying after 4000ms: Expected to find element: `#error-message`, but never found it.</message>
                <stack-trace>AssertionError: Timed out retrying after 4000ms: Expected to find element: `#error-message`, but never found it.
                    at Context.eval (webpack://cybress/./cypress/e2e/Class.cy.js:46:29)</stack-trace>
            </failure>
        </test-case>
    </test-cases>
</ns2:test-suite>